2023-01-13 19:11:22,314 INFO  Hippodrome :  Horses cannot be empty
2023-01-13 19:11:22,657 INFO  Horse :  Создание Horse, имя [Hobert], скорость [0.8334380087354526]
2023-01-13 19:11:22,657 INFO  Horse :  Создание Horse, имя [Myrl], скорость [0.1665619912682953]
2023-01-13 19:11:22,657 INFO  Horse :  Создание Horse, имя [Carlton], скорость [0.8334380087061288]
2023-01-13 19:11:22,657 INFO  Horse :  Создание Horse, имя [Jeri], скорость [0.16656199121558024]
2023-01-13 19:11:22,657 INFO  Horse :  Создание Horse, имя [Luciana], скорость [0.16656199122026105]
2023-01-13 19:11:22,657 INFO  Horse :  Создание Horse, имя [Margrett], скорость [0.1665619913179922]
2023-01-13 19:11:22,673 INFO  Horse :  Создание Horse, имя [Gabriela], скорость [0.8334380087356633]
2023-01-13 19:11:22,673 INFO  Horse :  Создание Horse, имя [Antwan], скорость [0.8334380086754775]
2023-01-13 19:11:22,673 INFO  Horse :  Создание Horse, имя [Ernie], скорость [0.16656199130699845]
2023-01-13 19:11:22,673 INFO  Horse :  Создание Horse, имя [Veronique], скорость [0.8334380087593904]
2023-01-13 19:11:22,673 INFO  Horse :  Создание Horse, имя [Jeannette], скорость [0.8334380087246844]
2023-01-13 19:11:22,673 INFO  Horse :  Создание Horse, имя [Elisabeth], скорость [0.16656199121051574]
2023-01-13 19:11:22,688 INFO  Horse :  Создание Horse, имя [Wesley], скорость [0.8334380087757886]
2023-01-13 19:11:22,688 INFO  Horse :  Создание Horse, имя [Kevin], скорость [0.16656199130852367]
2023-01-13 19:11:22,688 INFO  Horse :  Создание Horse, имя [Russ], скорость [0.16656199124252724]
2023-01-13 19:11:22,688 INFO  Horse :  Создание Horse, имя [Macy], скорость [0.8334380086897718]
2023-01-13 19:11:22,688 INFO  Horse :  Создание Horse, имя [Hyacinth], скорость [0.8334380086950839]
2023-01-13 19:11:22,688 INFO  Horse :  Создание Horse, имя [Lecia], скорость [0.16656199121968818]
2023-01-13 19:11:22,688 INFO  Horse :  Создание Horse, имя [Alfonso], скорость [0.16656199124565974]
2023-01-13 19:11:22,704 INFO  Horse :  Создание Horse, имя [Rico], скорость [0.8334380087263163]
2023-01-13 19:11:22,704 INFO  Horse :  Создание Horse, имя [Leslee], скорость [0.16656199121572712]
2023-01-13 19:11:22,704 INFO  Horse :  Создание Horse, имя [Brenna], скорость [0.16656199123677784]
2023-01-13 19:11:22,704 INFO  Horse :  Создание Horse, имя [Seth], скорость [0.8334380087479915]
2023-01-13 19:11:22,704 INFO  Horse :  Создание Horse, имя [Delpha], скорость [0.8334380087814691]
2023-01-13 19:11:22,715 INFO  Horse :  Создание Horse, имя [Evelyne], скорость [0.8334380087321381]
2023-01-13 19:11:22,715 INFO  Horse :  Создание Horse, имя [Shameka], скорость [0.1665619912642855]
2023-01-13 19:11:22,720 INFO  Horse :  Создание Horse, имя [Lanelle], скорость [0.16656199126477145]
2023-01-13 19:11:22,720 INFO  Horse :  Создание Horse, имя [Steve], скорость [0.8334380087291994]
2023-01-13 19:11:22,720 INFO  Horse :  Создание Horse, имя [Jefferey], скорость [0.1665619912175288]
2023-01-13 19:11:22,720 INFO  Horse :  Создание Horse, имя [Frances], скорость [0.8334380087583255]
2023-01-13 19:11:22,736 INFO  Hippodrome :  Создание Hippodrome, лошадей [30]
2023-01-13 19:11:24,019 INFO  Hippodrome :  Создание Hippodrome, лошадей [50]
2023-01-13 19:11:24,192 INFO  Horse :  Создание Horse, имя [Theo], скорость [0.8334380087158747]
2023-01-13 19:11:24,208 INFO  Horse :  Создание Horse, имя [Elroy], скорость [0.8334380087846255]
2023-01-13 19:11:24,208 INFO  Horse :  Создание Horse, имя [Ariel], скорость [0.8334380087150974]
2023-01-13 19:11:24,208 INFO  Horse :  Создание Horse, имя [Leisa], скорость [0.8334380086843245]
2023-01-13 19:11:24,208 INFO  Horse :  Создание Horse, имя [Delmar], скорость [0.16656199128907945]
2023-01-13 19:11:24,218 INFO  Hippodrome :  Создание Hippodrome, лошадей [5]
2023-01-13 19:11:24,224 INFO  Hippodrome :  Horses cannot be null
2023-01-13 19:11:24,239 INFO  Hippodrome :  Horses cannot be null
2023-01-13 19:14:33,194 INFO  Horse :  Создание Horse, имя [Буцефал], скорость [2.4]
2023-01-13 19:14:33,269 INFO  Horse :  Создание Horse, имя [Туз Пик], скорость [2.5]
2023-01-13 19:14:33,272 INFO  Horse :  Создание Horse, имя [Зефир], скорость [2.6]
2023-01-13 19:14:33,272 INFO  Horse :  Создание Horse, имя [Пожар], скорость [2.7]
2023-01-13 19:14:33,272 INFO  Horse :  Создание Horse, имя [Лобстер], скорость [2.8]
2023-01-13 19:14:33,272 INFO  Horse :  Создание Horse, имя [Пегас], скорость [2.9]
2023-01-13 19:14:33,272 INFO  Horse :  Создание Horse, имя [Вишня], скорость [3.0]
2023-01-13 19:14:33,288 INFO  Hippodrome :  Создание Hippodrome, лошадей [7]
2023-01-13 19:14:33,288 INFO  Main :  Начало скачек. Количество участников: 7
2023-01-13 19:14:55,043 INFO  Horse :  Создание Horse, имя [Буцефал], скорость [2.4]
2023-01-13 19:14:55,113 INFO  Horse :  Создание Horse, имя [Туз Пик], скорость [2.5]
2023-01-13 19:14:55,113 INFO  Horse :  Создание Horse, имя [Зефир], скорость [2.6]
2023-01-13 19:14:55,113 INFO  Horse :  Создание Horse, имя [Пожар], скорость [2.7]
2023-01-13 19:14:55,122 INFO  Horse :  Создание Horse, имя [Лобстер], скорость [2.8]
2023-01-13 19:14:55,124 INFO  Horse :  Создание Horse, имя [Пегас], скорость [2.9]
2023-01-13 19:14:55,126 INFO  Horse :  Создание Horse, имя [Вишня], скорость [3.0]
2023-01-13 19:14:55,128 INFO  Hippodrome :  Создание Hippodrome, лошадей [7]
2023-01-13 19:14:55,128 INFO  Main :  Начало скачек. Количество участников: 7
2023-01-13 19:15:15,871 INFO  Horse :  Создание Horse, имя [Буцефал], скорость [2.4]
2023-01-13 19:15:16,012 INFO  Horse :  Создание Horse, имя [Туз Пик], скорость [2.5]
2023-01-13 19:15:16,028 INFO  Horse :  Создание Horse, имя [Зефир], скорость [2.6]
2023-01-13 19:15:16,028 INFO  Horse :  Создание Horse, имя [Пожар], скорость [2.7]
2023-01-13 19:15:16,028 INFO  Horse :  Создание Horse, имя [Лобстер], скорость [2.8]
2023-01-13 19:15:16,028 INFO  Horse :  Создание Horse, имя [Пегас], скорость [2.9]
2023-01-13 19:15:16,028 INFO  Horse :  Создание Horse, имя [Вишня], скорость [3.0]
2023-01-13 19:15:29,387 INFO  Hippodrome :  Создание Hippodrome, лошадей [7]
2023-01-13 19:15:29,388 INFO  Main :  Начало скачек. Количество участников: 7
