2023-01-14 10:44:52,526 INFO  Horse :  Создание Horse, имя [zero], скорость [10.0]
2023-01-14 10:45:24,233 INFO  Horse :  Создание Horse, имя [zero], скорость [10.0]
2023-01-14 10:46:34,064 INFO  Horse :  Создание Horse, имя [zero], скорость [10.0]
2023-01-14 10:47:37,897 INFO  Horse :  Создание Horse, имя [zero], скорость [10.0]
2023-01-14 10:48:13,424 INFO  Horse :  Создание Horse, имя [zero], скорость [10.0]
2023-01-14 10:48:13,550 INFO  Horse :  Создание Horse, имя [zero], скорость [10.0]
2023-01-14 10:48:13,550 INFO  Horse :  Создание Horse, имя [zero], скорость [10.0]
2023-01-14 10:49:22,104 INFO  Horse :  Создание Horse, имя [zero], скорость [10.0]
2023-01-14 10:49:22,214 INFO  Horse :  Создание Horse, имя [zero], скорость [10.0]
2023-01-14 10:49:22,230 INFO  Horse :  Создание Horse, имя [zero], скорость [10.0]
2023-01-14 10:49:47,081 INFO  Horse :  Создание Horse, имя [zero], скорость [10.0]
2023-01-14 10:50:20,521 INFO  Horse :  Speed cannot be negative
2023-01-14 10:50:20,569 INFO  Horse :  Distance cannot be negative
2023-01-14 10:50:20,569 INFO  Horse :  Создание Horse, имя [horse], скорость [3.0]
2023-01-14 10:50:20,647 INFO  Horse :  Name cannot be blank
2023-01-14 10:50:20,647 INFO  Horse :  Name cannot be blank
2023-01-14 10:50:20,663 INFO  Horse :  Name cannot be null
2023-01-14 10:50:20,663 INFO  Horse :  Создание Horse, имя [horse], скорость [3.0]
2023-01-14 10:50:20,663 INFO  Horse :  Distance cannot be negative
2023-01-14 10:50:20,678 INFO  Horse :  Создание Horse, имя [horse], скорость [10.0]
2023-01-14 10:50:20,804 INFO  Horse :  Создание Horse, имя [zero], скорость [10.0]
2023-01-14 10:50:20,992 INFO  Horse :  Speed cannot be negative
2023-01-14 10:50:21,008 INFO  Horse :  Name cannot be blank
2023-01-14 10:50:21,024 INFO  Horse :  Name cannot be blank
2023-01-14 10:50:21,024 INFO  Horse :  Создание Horse, имя [horse], скорость [10.0]
2023-01-14 10:50:21,039 INFO  Horse :  Name cannot be null
2023-01-14 10:52:35,327 INFO  Horse :  Speed cannot be negative
2023-01-14 10:52:35,390 INFO  Horse :  Distance cannot be negative
2023-01-14 10:52:35,390 INFO  Horse :  Создание Horse, имя [horse], скорость [3.0]
2023-01-14 10:52:35,468 INFO  Horse :  Name cannot be blank
2023-01-14 10:52:35,484 INFO  Horse :  Name cannot be blank
2023-01-14 10:52:35,500 INFO  Horse :  Name cannot be null
2023-01-14 10:52:35,500 INFO  Horse :  Создание Horse, имя [horse], скорость [3.0]
2023-01-14 10:52:35,515 INFO  Horse :  Distance cannot be negative
2023-01-14 10:52:35,515 INFO  Horse :  Создание Horse, имя [horse], скорость [10.0]
2023-01-14 10:52:35,641 INFO  Horse :  Создание Horse, имя [zero], скорость [10.0]
2023-01-14 10:52:35,844 INFO  Horse :  Speed cannot be negative
2023-01-14 10:52:35,860 INFO  Horse :  Name cannot be blank
2023-01-14 10:52:35,860 INFO  Horse :  Name cannot be blank
2023-01-14 10:52:35,876 INFO  Horse :  Создание Horse, имя [horse], скорость [10.0]
2023-01-14 10:52:35,876 INFO  Horse :  Name cannot be null
2023-01-14 11:04:02,484 INFO  Horse :  Speed cannot be negative
2023-01-14 11:04:02,540 INFO  Horse :  Distance cannot be negative
2023-01-14 11:04:02,547 INFO  Horse :  Создание Horse, имя [horse], скорость [3.0]
2023-01-14 11:04:02,610 INFO  Horse :  Name cannot be blank
2023-01-14 11:04:02,625 INFO  Horse :  Name cannot be blank
2023-01-14 11:04:02,625 INFO  Horse :  Name cannot be null
2023-01-14 11:04:02,625 INFO  Horse :  Создание Horse, имя [horse], скорость [3.0]
2023-01-14 11:04:02,641 INFO  Horse :  Distance cannot be negative
2023-01-14 11:04:02,641 INFO  Horse :  Создание Horse, имя [horse], скорость [10.0]
2023-01-14 11:04:02,751 INFO  Horse :  Создание Horse, имя [zero], скорость [10.0]
2023-01-14 11:04:02,942 INFO  Horse :  Speed cannot be negative
2023-01-14 11:04:02,955 INFO  Horse :  Name cannot be blank
2023-01-14 11:04:02,970 INFO  Horse :  Name cannot be blank
2023-01-14 11:04:02,970 INFO  Horse :  Создание Horse, имя [horse], скорость [10.0]
2023-01-14 11:04:02,986 INFO  Horse :  Name cannot be null
2023-01-14 11:07:16,161 INFO  Horse :  Speed cannot be negative
2023-01-14 11:07:16,229 INFO  Hippodrome :  Horses cannot be empty
2023-01-14 11:07:16,240 INFO  Horse :  Distance cannot be negative
2023-01-14 11:07:16,272 INFO  Horse :  РЎРѕР·РґР°РЅРёРµ Horse, РёРјСЏ [horse], СЃРєРѕСЂРѕСЃС‚СЊ [3.0]
2023-01-14 11:07:16,372 INFO  Horse :  Name cannot be blank
2023-01-14 11:07:16,383 INFO  Horse :  Name cannot be blank
2023-01-14 11:07:16,398 INFO  Horse :  Name cannot be null
2023-01-14 11:07:16,403 INFO  Horse :  Name cannot be null
2023-01-14 11:07:16,414 INFO  Horse :  РЎРѕР·РґР°РЅРёРµ Horse, РёРјСЏ [horse], СЃРєРѕСЂРѕСЃС‚СЊ [3.0]
2023-01-14 11:07:16,657 INFO  Horse :  РЎРѕР·РґР°РЅРёРµ Horse, РёРјСЏ [Guillermo], СЃРєРѕСЂРѕСЃС‚СЊ [0.8334380086947131]
2023-01-14 11:07:16,667 INFO  Horse :  РЎРѕР·РґР°РЅРёРµ Horse, РёРјСЏ [Nora], СЃРєРѕСЂРѕСЃС‚СЊ [0.166561991252428]
2023-01-14 11:07:16,667 INFO  Horse :  РЎРѕР·РґР°РЅРёРµ Horse, РёРјСЏ [Jean], СЃРєРѕСЂРѕСЃС‚СЊ [0.16656199122526827]
2023-01-14 11:07:16,667 INFO  Horse :  РЎРѕР·РґР°РЅРёРµ Horse, РёРјСЏ [Kim], СЃРєРѕСЂРѕСЃС‚СЊ [0.1665619912163223]
2023-01-14 11:07:16,667 INFO  Horse :  РЎРѕР·РґР°РЅРёРµ Horse, РёРјСЏ [Annmarie], СЃРєРѕСЂРѕСЃС‚СЊ [0.8334380087227025]
2023-01-14 11:07:16,667 INFO  Horse :  РЎРѕР·РґР°РЅРёРµ Horse, РёРјСЏ [Sarah], СЃРєРѕСЂРѕСЃС‚СЊ [0.8334380087192214]
2023-01-14 11:07:16,677 INFO  Horse :  РЎРѕР·РґР°РЅРёРµ Horse, РёРјСЏ [Lemuel], СЃРєРѕСЂРѕСЃС‚СЊ [0.8334380087542309]
2023-01-14 11:07:16,677 INFO  Horse :  РЎРѕР·РґР°РЅРёРµ Horse, РёРјСЏ [Alene], СЃРєРѕСЂРѕСЃС‚СЊ [0.16656199127865856]
2023-01-14 11:07:16,682 INFO  Horse :  РЎРѕР·РґР°РЅРёРµ Horse, РёРјСЏ [Coral], СЃРєРѕСЂРѕСЃС‚СЊ [0.8334380087496788]
2023-01-14 11:07:16,682 INFO  Horse :  РЎРѕР·РґР°РЅРёРµ Horse, РёРјСЏ [Lauren], СЃРєРѕСЂРѕСЃС‚СЊ [0.1665619913213382]
2023-01-14 11:07:16,687 INFO  Horse :  РЎРѕР·РґР°РЅРёРµ Horse, РёРјСЏ [Nakia], СЃРєРѕСЂРѕСЃС‚СЊ [0.16656199132142824]
2023-01-14 11:07:16,687 INFO  Horse :  РЎРѕР·РґР°РЅРёРµ Horse, РёРјСЏ [Merlyn], СЃРєРѕСЂРѕСЃС‚СЊ [0.8334380086875315]
2023-01-14 11:07:16,687 INFO  Horse :  РЎРѕР·РґР°РЅРёРµ Horse, РёРјСЏ [Betty], СЃРєРѕСЂРѕСЃС‚СЊ [0.8334380087494018]
2023-01-14 11:07:16,687 INFO  Horse :  РЎРѕР·РґР°РЅРёРµ Horse, РёРјСЏ [Sharron], СЃРєРѕСЂРѕСЃС‚СЊ [0.1665619913139138]
2023-01-14 11:07:16,687 INFO  Horse :  РЎРѕР·РґР°РЅРёРµ Horse, РёРјСЏ [Terrilyn], СЃРєРѕСЂРѕСЃС‚СЊ [0.8334380087020095]
2023-01-14 11:07:16,687 INFO  Horse :  РЎРѕР·РґР°РЅРёРµ Horse, РёРјСЏ [Dalila], СЃРєРѕСЂРѕСЃС‚СЊ [0.8334380087039712]
2023-01-14 11:07:16,699 INFO  Horse :  РЎРѕР·РґР°РЅРёРµ Horse, РёРјСЏ [Norris], СЃРєРѕСЂРѕСЃС‚СЊ [0.8334380087695441]
2023-01-14 11:07:16,699 INFO  Horse :  РЎРѕР·РґР°РЅРёРµ Horse, РёРјСЏ [Jefferey], СЃРєРѕСЂРѕСЃС‚СЊ [0.8334380087020271]
2023-01-14 11:07:16,699 INFO  Horse :  РЎРѕР·РґР°РЅРёРµ Horse, РёРјСЏ [Tammera], СЃРєРѕСЂРѕСЃС‚СЊ [0.16656199132497984]
2023-01-14 11:07:16,699 INFO  Horse :  РЎРѕР·РґР°РЅРёРµ Horse, РёРјСЏ [Paul], СЃРєРѕСЂРѕСЃС‚СЊ [0.8334380086769468]
2023-01-14 11:07:16,706 INFO  Horse :  РЎРѕР·РґР°РЅРёРµ Horse, РёРјСЏ [Holley], СЃРєРѕСЂРѕСЃС‚СЊ [0.16656199127665938]
2023-01-14 11:07:16,707 INFO  Horse :  РЎРѕР·РґР°РЅРёРµ Horse, РёРјСЏ [Bambi], СЃРєРѕСЂРѕСЃС‚СЊ [0.16656199125324822]
2023-01-14 11:07:16,707 INFO  Horse :  РЎРѕР·РґР°РЅРёРµ Horse, РёРјСЏ [Deandre], СЃРєРѕСЂРѕСЃС‚СЊ [0.16656199132339522]
2023-01-14 11:07:16,714 INFO  Horse :  РЎРѕР·РґР°РЅРёРµ Horse, РёРјСЏ [Trevor], СЃРєРѕСЂРѕСЃС‚СЊ [0.8334380086874763]
2023-01-14 11:07:16,714 INFO  Horse :  РЎРѕР·РґР°РЅРёРµ Horse, РёРјСЏ [Roger], СЃРєРѕСЂРѕСЃС‚СЊ [0.8334380086866279]
2023-01-14 11:07:16,717 INFO  Horse :  РЎРѕР·РґР°РЅРёРµ Horse, РёРјСЏ [Leland], СЃРєРѕСЂРѕСЃС‚СЊ [0.1665619912191193]
2023-01-14 11:07:16,717 INFO  Horse :  РЎРѕР·РґР°РЅРёРµ Horse, РёРјСЏ [Golda], СЃРєРѕСЂРѕСЃС‚СЊ [0.16656199129582483]
2023-01-14 11:07:16,717 INFO  Horse :  РЎРѕР·РґР°РЅРёРµ Horse, РёРјСЏ [Roosevelt], СЃРєРѕСЂРѕСЃС‚СЊ [0.8334380087246024]
2023-01-14 11:07:16,717 INFO  Horse :  РЎРѕР·РґР°РЅРёРµ Horse, РёРјСЏ [Maude], СЃРєРѕСЂРѕСЃС‚СЊ [0.8334380087489843]
2023-01-14 11:07:16,717 INFO  Horse :  РЎРѕР·РґР°РЅРёРµ Horse, РёРјСЏ [Fae], СЃРєРѕСЂРѕСЃС‚СЊ [0.16656199130677873]
2023-01-14 11:07:16,730 INFO  Hippodrome :  РЎРѕР·РґР°РЅРёРµ Hippodrome, Р»РѕС€Р°РґРµР№ [30]
2023-01-14 11:07:18,020 INFO  Hippodrome :  РЎРѕР·РґР°РЅРёРµ Hippodrome, Р»РѕС€Р°РґРµР№ [50]
2023-01-14 11:07:18,128 INFO  Horse :  Distance cannot be negative
2023-01-14 11:07:18,144 INFO  Horse :  РЎРѕР·РґР°РЅРёРµ Horse, РёРјСЏ [horse], СЃРєРѕСЂРѕСЃС‚СЊ [10.0]
2023-01-14 11:07:18,238 INFO  Horse :  РЎРѕР·РґР°РЅРёРµ Horse, РёРјСЏ [Oliva], СЃРєРѕСЂРѕСЃС‚СЊ [0.8334380086891571]
2023-01-14 11:07:18,245 INFO  Horse :  РЎРѕР·РґР°РЅРёРµ Horse, РёРјСЏ [Ted], СЃРєРѕСЂРѕСЃС‚СЊ [0.16656199129070903]
2023-01-14 11:07:18,245 INFO  Horse :  РЎРѕР·РґР°РЅРёРµ Horse, РёРјСЏ [Marcus], СЃРєРѕСЂРѕСЃС‚СЊ [0.1665619912222157]
2023-01-14 11:07:18,245 INFO  Horse :  РЎРѕР·РґР°РЅРёРµ Horse, РёРјСЏ [Jennell], СЃРєРѕСЂРѕСЃС‚СЊ [0.8334380086891409]
2023-01-14 11:07:18,245 INFO  Horse :  РЎРѕР·РґР°РЅРёРµ Horse, РёРјСЏ [Alfredo], СЃРєРѕСЂРѕСЃС‚СЊ [0.1665619912349292]
2023-01-14 11:07:18,255 INFO  Hippodrome :  РЎРѕР·РґР°РЅРёРµ Hippodrome, Р»РѕС€Р°РґРµР№ [5]
2023-01-14 11:07:18,269 INFO  Horse :  РЎРѕР·РґР°РЅРёРµ Horse, РёРјСЏ [zero], СЃРєРѕСЂРѕСЃС‚СЊ [10.0]
2023-01-14 11:07:18,386 INFO  Horse :  Speed cannot be negative
2023-01-14 11:07:18,396 INFO  Horse :  Name cannot be blank
2023-01-14 11:07:18,412 INFO  Horse :  Name cannot be blank
2023-01-14 11:07:18,417 INFO  Horse :  РЎРѕР·РґР°РЅРёРµ Horse, РёРјСЏ [horse], СЃРєРѕСЂРѕСЃС‚СЊ [10.0]
2023-01-14 11:07:18,428 INFO  Hippodrome :  Horses cannot be null
2023-01-14 11:07:18,438 INFO  Hippodrome :  Horses cannot be null
2023-01-14 11:08:19,713 INFO  Horse :  Speed cannot be negative
2023-01-14 11:08:19,775 INFO  Hippodrome :  Horses cannot be empty
2023-01-14 11:08:19,799 INFO  Horse :  Distance cannot be negative
2023-01-14 11:08:19,822 INFO  Horse :  РЎРѕР·РґР°РЅРёРµ Horse, РёРјСЏ [horse], СЃРєРѕСЂРѕСЃС‚СЊ [3.0]
2023-01-14 11:08:19,932 INFO  Horse :  Name cannot be blank
2023-01-14 11:08:19,948 INFO  Horse :  Name cannot be blank
2023-01-14 11:08:19,948 INFO  Horse :  Name cannot be null
2023-01-14 11:08:19,963 INFO  Horse :  Name cannot be null
2023-01-14 11:08:19,963 INFO  Horse :  РЎРѕР·РґР°РЅРёРµ Horse, РёРјСЏ [horse], СЃРєРѕСЂРѕСЃС‚СЊ [3.0]
2023-01-14 11:08:20,215 INFO  Horse :  РЎРѕР·РґР°РЅРёРµ Horse, РёРјСЏ [Garland], СЃРєРѕСЂРѕСЃС‚СЊ [0.8334380087124601]
2023-01-14 11:08:20,215 INFO  Horse :  РЎРѕР·РґР°РЅРёРµ Horse, РёРјСЏ [Joshua], СЃРєРѕСЂРѕСЃС‚СЊ [0.16656199131442917]
2023-01-14 11:08:20,215 INFO  Horse :  РЎРѕР·РґР°РЅРёРµ Horse, РёРјСЏ [Virgen], СЃРєРѕСЂРѕСЃС‚СЊ [0.16656199131614102]
2023-01-14 11:08:20,215 INFO  Horse :  РЎРѕР·РґР°РЅРёРµ Horse, РёРјСЏ [Mauro], СЃРєРѕСЂРѕСЃС‚СЊ [0.16656199130848137]
2023-01-14 11:08:20,215 INFO  Horse :  РЎРѕР·РґР°РЅРёРµ Horse, РёРјСЏ [Gregory], СЃРєРѕСЂРѕСЃС‚СЊ [0.8334380087752867]
2023-01-14 11:08:20,230 INFO  Horse :  РЎРѕР·РґР°РЅРёРµ Horse, РёРјСЏ [Laurinda], СЃРєРѕСЂРѕСЃС‚СЊ [0.8334380087028406]
2023-01-14 11:08:20,230 INFO  Horse :  РЎРѕР·РґР°РЅРёРµ Horse, РёРјСЏ [Johanne], СЃРєРѕСЂРѕСЃС‚СЊ [0.8334380087675815]
2023-01-14 11:08:20,230 INFO  Horse :  РЎРѕР·РґР°РЅРёРµ Horse, РёРјСЏ [Leesa], СЃРєРѕСЂРѕСЃС‚СЊ [0.166561991211157]
2023-01-14 11:08:20,230 INFO  Horse :  РЎРѕР·РґР°РЅРёРµ Horse, РёРјСЏ [Creola], СЃРєРѕСЂРѕСЃС‚СЊ [0.8334380087159043]
2023-01-14 11:08:20,230 INFO  Horse :  РЎРѕР·РґР°РЅРёРµ Horse, РёРјСЏ [Dane], СЃРєРѕСЂРѕСЃС‚СЊ [0.8334380086856268]
2023-01-14 11:08:20,230 INFO  Horse :  РЎРѕР·РґР°РЅРёРµ Horse, РёРјСЏ [Loriann], СЃРєРѕСЂРѕСЃС‚СЊ [0.1665619912329689]
2023-01-14 11:08:20,230 INFO  Horse :  РЎРѕР·РґР°РЅРёРµ Horse, РёРјСЏ [Buster], СЃРєРѕСЂРѕСЃС‚СЊ [0.833438008707766]
2023-01-14 11:08:20,246 INFO  Horse :  РЎРѕР·РґР°РЅРёРµ Horse, РёРјСЏ [Carolee], СЃРєРѕСЂРѕСЃС‚СЊ [0.16656199124126914]
2023-01-14 11:08:20,246 INFO  Horse :  РЎРѕР·РґР°РЅРёРµ Horse, РёРјСЏ [Pearle], СЃРєРѕСЂРѕСЃС‚СЊ [0.16656199132389216]
2023-01-14 11:08:20,246 INFO  Horse :  РЎРѕР·РґР°РЅРёРµ Horse, РёРјСЏ [Guillermo], СЃРєРѕСЂРѕСЃС‚СЊ [0.16656199129946658]
2023-01-14 11:08:20,246 INFO  Horse :  РЎРѕР·РґР°РЅРёРµ Horse, РёРјСЏ [Octavio], СЃРєРѕСЂРѕСЃС‚СЊ [0.16656199128338134]
2023-01-14 11:08:20,246 INFO  Horse :  РЎРѕР·РґР°РЅРёРµ Horse, РёРјСЏ [Dona], СЃРєРѕСЂРѕСЃС‚СЊ [0.8334380086848118]
2023-01-14 11:08:20,246 INFO  Horse :  РЎРѕР·РґР°РЅРёРµ Horse, РёРјСЏ [Sidney], СЃРєРѕСЂРѕСЃС‚СЊ [0.16656199122247084]
2023-01-14 11:08:20,246 INFO  Horse :  РЎРѕР·РґР°РЅРёРµ Horse, РёРјСЏ [Kathrine], СЃРєРѕСЂРѕСЃС‚СЊ [0.16656199124520232]
2023-01-14 11:08:20,246 INFO  Horse :  РЎРѕР·РґР°РЅРёРµ Horse, РёРјСЏ [Breanne], СЃРєРѕСЂРѕСЃС‚СЊ [0.16656199123987336]
2023-01-14 11:08:20,262 INFO  Horse :  РЎРѕР·РґР°РЅРёРµ Horse, РёРјСЏ [Kassie], СЃРєРѕСЂРѕСЃС‚СЊ [0.16656199123423487]
2023-01-14 11:08:20,262 INFO  Horse :  РЎРѕР·РґР°РЅРёРµ Horse, РёРјСЏ [Rosita], СЃРєРѕСЂРѕСЃС‚СЊ [0.8334380087893611]
2023-01-14 11:08:20,262 INFO  Horse :  РЎРѕР·РґР°РЅРёРµ Horse, РёРјСЏ [Deirdre], СЃРєРѕСЂРѕСЃС‚СЊ [0.8334380086985596]
2023-01-14 11:08:20,262 INFO  Horse :  РЎРѕР·РґР°РЅРёРµ Horse, РёРјСЏ [Kelly], СЃРєРѕСЂРѕСЃС‚СЊ [0.16656199131332095]
2023-01-14 11:08:20,262 INFO  Horse :  РЎРѕР·РґР°РЅРёРµ Horse, РёРјСЏ [Jeramy], СЃРєРѕСЂРѕСЃС‚СЊ [0.8334380087899245]
2023-01-14 11:08:20,262 INFO  Horse :  РЎРѕР·РґР°РЅРёРµ Horse, РёРјСЏ [Rosendo], СЃРєРѕСЂРѕСЃС‚СЊ [0.16656199125843651]
2023-01-14 11:08:20,262 INFO  Horse :  РЎРѕР·РґР°РЅРёРµ Horse, РёРјСЏ [Alphonso], СЃРєРѕСЂРѕСЃС‚СЊ [0.1665619913039995]
2023-01-14 11:08:20,262 INFO  Horse :  РЎРѕР·РґР°РЅРёРµ Horse, РёРјСЏ [Adrianna], СЃРєРѕСЂРѕСЃС‚СЊ [0.16656199126694415]
2023-01-14 11:08:20,277 INFO  Horse :  РЎРѕР·РґР°РЅРёРµ Horse, РёРјСЏ [Gwenn], СЃРєРѕСЂРѕСЃС‚СЊ [0.8334380086998721]
2023-01-14 11:08:20,277 INFO  Horse :  РЎРѕР·РґР°РЅРёРµ Horse, РёРјСЏ [Mariko], СЃРєРѕСЂРѕСЃС‚СЊ [0.1665619912731312]
2023-01-14 11:08:20,277 INFO  Hippodrome :  РЎРѕР·РґР°РЅРёРµ Hippodrome, Р»РѕС€Р°РґРµР№ [30]
2023-01-14 11:08:21,486 INFO  Hippodrome :  РЎРѕР·РґР°РЅРёРµ Hippodrome, Р»РѕС€Р°РґРµР№ [50]
2023-01-14 11:08:21,596 INFO  Horse :  Distance cannot be negative
2023-01-14 11:08:21,612 INFO  Horse :  РЎРѕР·РґР°РЅРёРµ Horse, РёРјСЏ [horse], СЃРєРѕСЂРѕСЃС‚СЊ [10.0]
2023-01-14 11:08:21,722 INFO  Horse :  РЎРѕР·РґР°РЅРёРµ Horse, РёРјСЏ [Walton], СЃРєРѕСЂРѕСЃС‚СЊ [0.8334380087431009]
2023-01-14 11:08:21,722 INFO  Horse :  РЎРѕР·РґР°РЅРёРµ Horse, РёРјСЏ [Gavin], СЃРєРѕСЂРѕСЃС‚СЊ [0.8334380086792628]
2023-01-14 11:08:21,738 INFO  Horse :  РЎРѕР·РґР°РЅРёРµ Horse, РёРјСЏ [Santana], СЃРєРѕСЂРѕСЃС‚СЊ [0.8334380087495349]
2023-01-14 11:08:21,738 INFO  Horse :  РЎРѕР·РґР°РЅРёРµ Horse, РёРјСЏ [Jacques], СЃРєРѕСЂРѕСЃС‚СЊ [0.833438008749745]
2023-01-14 11:08:21,738 INFO  Horse :  РЎРѕР·РґР°РЅРёРµ Horse, РёРјСЏ [Edison], СЃРєРѕСЂРѕСЃС‚СЊ [0.16656199128651306]
2023-01-14 11:08:21,738 INFO  Hippodrome :  РЎРѕР·РґР°РЅРёРµ Hippodrome, Р»РѕС€Р°РґРµР№ [5]
2023-01-14 11:08:21,753 INFO  Horse :  РЎРѕР·РґР°РЅРёРµ Horse, РёРјСЏ [zero], СЃРєРѕСЂРѕСЃС‚СЊ [10.0]
2023-01-14 11:08:21,904 INFO  Horse :  Speed cannot be negative
2023-01-14 11:08:21,911 INFO  Horse :  Name cannot be blank
2023-01-14 11:08:21,926 INFO  Horse :  Name cannot be blank
2023-01-14 11:08:21,926 INFO  Horse :  РЎРѕР·РґР°РЅРёРµ Horse, РёРјСЏ [horse], СЃРєРѕСЂРѕСЃС‚СЊ [10.0]
2023-01-14 11:08:21,942 INFO  Hippodrome :  Horses cannot be null
2023-01-14 11:08:21,942 INFO  Hippodrome :  Horses cannot be null
